<?xml version="1.0" encoding="UTF-8"?>
<testsuite xmlns:xsi="http://www.w3.org/2001/XMLSchema-instance" xsi:noNamespaceSchemaLocation="https://maven.apache.org/surefire/maven-surefire-plugin/xsd/surefire-test-report-3.0.xsd" version="3.0" name="ru.spbstu.telematics.java.AppTest" time="0.555" tests="27" errors="0" skipped="0" failures="0">
  <properties>
[...]
</properties>
  <testcase name="testOfferLast" classname="ru.spbstu.telematics.java.AppTest" time="0.035"/>
  <testcase name="testToArray" classname="ru.spbstu.telematics.java.AppTest" time="0.028"/>
  <testcase name="testAddLast" classname="ru.spbstu.telematics.java.AppTest" time="0.004"/>
  <testcase name="testPop" classname="ru.spbstu.telematics.java.AppTest" time="0.001"/>
  <testcase name="testIteratorRemove" classname="ru.spbstu.telematics.java.AppTest" time="0.011"/>
  <testcase name="testClear" classname="ru.spbstu.telematics.java.AppTest" time="0.0"/>
  <testcase name="testClone" classname="ru.spbstu.telematics.java.AppTest" time="0.008"/>
  <testcase name="testOffer" classname="ru.spbstu.telematics.java.AppTest" time="0.0"/>
  <testcase name="testRemoveLastThrowsException" classname="ru.spbstu.telematics.java.AppTest" time="0.01"/>
  <testcase name="testPush" classname="ru.spbstu.telematics.java.AppTest" time="0.0"/>
  <testcase name="testForEach" classname="ru.spbstu.telematics.java.AppTest" time="0.0"/>
  <testcase name="testRetainAll" classname="ru.spbstu.telematics.java.AppTest" time="0.033"/>
  <testcase name="testOfferFirst" classname="ru.spbstu.telematics.java.AppTest" time="0.002"/>
  <testcase name="testDescendingIterator" classname="ru.spbstu.telematics.java.AppTest" time="0.01"/>
  <testcase name="testAddFirst" classname="ru.spbstu.telematics.java.AppTest" time="0.001"/>
  <testcase name="testPeekMethods" classname="ru.spbstu.telematics.java.AppTest" time="0.006"/>
  <testcase name="testPollMethods" classname="ru.spbstu.telematics.java.AppTest" time="0.004"/>
  <testcase name="testContainsAll" classname="ru.spbstu.telematics.java.AppTest" time="0.003"/>
  <testcase name="testContains" classname="ru.spbstu.telematics.java.AppTest" time="0.001"/>
  <testcase name="testRemoveIf" classname="ru.spbstu.telematics.java.AppTest" time="0.003"/>
  <testcase name="testRemoveFirstOccurrence" classname="ru.spbstu.telematics.java.AppTest" time="0.105"/>
  <testcase name="testRemoveLastOccurrence" classname="ru.spbstu.telematics.java.AppTest" time="0.0"/>
  <testcase name="testDescendingIteratorEmpty" classname="ru.spbstu.telematics.java.AppTest" time="0.0"/>
  <testcase name="testDescendingIteratorRemove" classname="ru.spbstu.telematics.java.AppTest" time="0.0"/>
  <testcase name="testIterator" classname="ru.spbstu.telematics.java.AppTest" time="0.0"/>
  <testcase name="testRemoveAll" classname="ru.spbstu.telematics.java.AppTest" time="0.0"/>
  <testcase name="testToArrayEmpty" classname="ru.spbstu.telematics.java.AppTest" time="0.0"/>
</testsuite>